Start testing: May 20 18:07 FLE Daylight Time
----------------------------------------------------------
1/1 Testing: Test_CMake
1/1 Test: Test_CMake
Command: "C:/Users/ignol/Documents/GitHub/UniversityCourseV3/build/Unit_Tests/Test_CMake.exe"
Directory: C:/Users/ignol/Documents/GitHub/UniversityCourseV3/build/Unit_Tests
"Test_CMake" start time: May 20 18:07 FLE Daylight Time
Output:
----------------------------------------------------------
Running main() from C:\Users\ignol\Documents\GitHub\UniversityCourseV3\googletest\googletest\src\gtest_main.cc
[==========] Running 21 tests from 5 test suites.
[----------] Global test environment set-up.
[----------] 3 tests from Member_Functions
[ RUN      ] Member_Functions.Copy_Assigment
[       OK ] Member_Functions.Copy_Assigment (0 ms)
[ RUN      ] Member_Functions.Move_Assignment
[       OK ] Member_Functions.Move_Assignment (0 ms)
[ RUN      ] Member_Functions.Assigment
[       OK ] Member_Functions.Assigment (0 ms)
[----------] 3 tests from Member_Functions (0 ms total)

[----------] 4 tests from Element_Access
[ RUN      ] Element_Access.At
[       OK ] Element_Access.At (0 ms)
[ RUN      ] Element_Access.Operator
[       OK ] Element_Access.Operator (0 ms)
[ RUN      ] Element_Access.Front
[       OK ] Element_Access.Front (0 ms)
[ RUN      ] Element_Access.Back
[       OK ] Element_Access.Back (0 ms)
[----------] 4 tests from Element_Access (0 ms total)

[----------] 2 tests from Iterators
[ RUN      ] Iterators.Begin_End_Iterators
[       OK ] Iterators.Begin_End_Iterators (0 ms)
[ RUN      ] Iterators.RBegin_REnd_Iterators
[       OK ] Iterators.RBegin_REnd_Iterators (0 ms)
[----------] 2 tests from Iterators (0 ms total)

[----------] 5 tests from Capacity
[ RUN      ] Capacity.Empty
[       OK ] Capacity.Empty (0 ms)
[ RUN      ] Capacity.Size
[       OK ] Capacity.Size (0 ms)
[ RUN      ] Capacity.MaxSize
[       OK ] Capacity.MaxSize (0 ms)
[ RUN      ] Capacity.Reserve_Capacity
[       OK ] Capacity.Reserve_Capacity (0 ms)
[ RUN      ] Capacity.Shrink_To_Fit
[       OK ] Capacity.Shrink_To_Fit (0 ms)
[----------] 5 tests from Capacity (0 ms total)

[----------] 7 tests from Modifiers
[ RUN      ] Modifiers.Clear
[       OK ] Modifiers.Clear (0 ms)
[ RUN      ] Modifiers.Insert
[       OK ] Modifiers.Insert (0 ms)
[ RUN      ] Modifiers.Erase
[       OK ] Modifiers.Erase (0 ms)
[ RUN      ] Modifiers.PushBack
[       OK ] Modifiers.PushBack (0 ms)
[ RUN      ] Modifiers.PopBack
[       OK ] Modifiers.PopBack (0 ms)
[ RUN      ] Modifiers.Resize
[       OK ] Modifiers.Resize (0 ms)
[ RUN      ] Modifiers.Swap
[       OK ] Modifiers.Swap (0 ms)
[----------] 7 tests from Modifiers (0 ms total)

[----------] Global test environment tear-down
[==========] 21 tests from 5 test suites ran. (0 ms total)
[  PASSED  ] 21 tests.
<end of output>
Test time =   0.16 sec
----------------------------------------------------------
Test Passed.
"Test_CMake" end time: May 20 18:07 FLE Daylight Time
"Test_CMake" time elapsed: 00:00:00
----------------------------------------------------------

End testing: May 20 18:07 FLE Daylight Time
